<?xml version="1.0" encoding="UTF-8"?>
<!-- Generated by org.testng.reporters.JUnitReportReporter -->
<testsuite hostname="DESKTOP-AHV403J" failures="0" tests="2" name="com.zohoCRM.testscripts.CampaignModule" time="4.110" errors="0" timestamp="2022-10-13T10:37:06 IST" skipped="0">
  <testcase classname="com.zohoCRM.testscripts.CampaignModule" name="createCampaign" time="2.991"/>
  <system-out/>
  <testcase classname="com.zohoCRM.testscripts.CampaignModule" name="ModifyCampaign" time="1.119"/>
  <system-out/>
</testsuite> <!-- com.zohoCRM.testscripts.CampaignModule -->
