<?xml version="1.0" encoding="UTF-8"?>
<!-- Generated by org.testng.reporters.JUnitReportReporter -->
<testsuite hostname="abhimaniforyou" failures="0" tests="2" name="com.zohoCRM.testscripts.CampaignModule" time="3.357" errors="0" timestamp="2022-10-14T20:08:09 IST" skipped="0">
  <testcase classname="com.zohoCRM.testscripts.CampaignModule" name="createCampaign" time="2.692"/>
  <system-out/>
  <testcase classname="com.zohoCRM.testscripts.CampaignModule" name="ModifyCampaign" time="0.665"/>
  <system-out/>
</testsuite> <!-- com.zohoCRM.testscripts.CampaignModule -->
